This file contains any messages produced by compilers while
running configure, to aid debugging if configure makes a mistake.

It was created by tsung configure 1.5.1, which was
generated by GNU Autoconf 2.69.  Invocation command line was

  $ ./tsung-1.5.1/configure 

## --------- ##
## Platform. ##
## --------- ##

hostname = Marcoss-MacBook-Pro.local
uname -m = x86_64
uname -r = 13.3.0
uname -s = Darwin
uname -v = Darwin Kernel Version 13.3.0: Tue Jun  3 21:27:35 PDT 2014; root:xnu-2422.110.17~1/RELEASE_X86_64

/usr/bin/uname -p = i386
/bin/uname -X     = unknown

/bin/arch              = unknown
/usr/bin/arch -k       = unknown
/usr/convex/getsysinfo = unknown
/usr/bin/hostinfo      = Mach kernel version:
	 Darwin Kernel Version 13.3.0: Tue Jun  3 21:27:35 PDT 2014; root:xnu-2422.110.17~1/RELEASE_X86_64
Kernel configured for up to 4 processors.
2 processors are physically available.
4 processors are logically available.
Processor type: i486 (Intel 80486)
Processors active: 0 1 2 3
Primary memory available: 8.00 gigabytes
Default processor set: 239 tasks, 1565 threads, 4 processors
Load average: 1.02, Mach factor: 3.04
/bin/machine           = unknown
/usr/bin/oslevel       = unknown
/bin/universe          = unknown

PATH: /usr/local/lib/erlang/erts-6.3/bin
PATH: /usr/local/lib/erlang/bin
PATH: /usr/local/bin
PATH: /Users/amilkr/.rvm/gems/ruby-2.1.2/bin
PATH: /Users/amilkr/.rvm/gems/ruby-2.1.2@global/bin
PATH: /Users/amilkr/.rvm/rubies/ruby-2.1.2/bin
PATH: /usr/bin
PATH: /bin
PATH: /usr/sbin
PATH: /sbin
PATH: /usr/local/bin
PATH: /opt/X11/bin
PATH: /Users/amilkr/.rvm/bin
PATH: /Users/amilkr/.activator


## ----------- ##
## Core tests. ##
## ----------- ##

configure:1788: checking for sed
configure:1806: found /usr/bin/sed
configure:1818: result: /usr/bin/sed
configure:1890: checking for erlc
configure:1909: found /usr/local/lib/erlang/erts-6.3/bin/erlc
configure:1921: result: /usr/local/lib/erlang/erts-6.3/bin/erlc
configure:1998: checking for erl
configure:2017: found /usr/local/lib/erlang/erts-6.3/bin/erl
configure:2029: result: /usr/local/lib/erlang/erts-6.3/bin/erl
configure:2055: checking for dialyzer
configure:2074: found /usr/local/lib/erlang/erts-6.3/bin/dialyzer
configure:2087: result: /usr/local/lib/erlang/erts-6.3/bin/dialyzer
configure:2100: checking for erl
configure:2118: found /usr/local/lib/erlang/erts-6.3/bin/erl
configure:2130: result: /usr/local/lib/erlang/erts-6.3/bin/erl
configure:2189: checking for erlc
configure:2191: result: /usr/local/lib/erlang/erts-6.3/bin/erlc
configure:2299: checking for erl
configure:2301: result: /usr/local/lib/erlang/erts-6.3/bin/erl
configure:2408: checking for Erlang/OTP root directory
configure:2434: $ERLC $ERLCFLAGS -b beam conftest.$ac_ext >&5 && echo "#!/bin/sh" > conftest$ac_exeext && $as_echo "\"$ERL\" -run conftest start -run init stop -noshell" >> conftest$ac_exeext && chmod +x conftest$ac_exeext
configure:2434: $? = 0
configure:2434: ./conftest
configure:2434: $? = 0
configure:2453: result: /usr/local/lib/erlang
configure:2459: checking for Erlang/OTP 'xmerl' library subdirectory
configure:2490: $ERLC $ERLCFLAGS -b beam conftest.$ac_ext >&5 && echo "#!/bin/sh" > conftest$ac_exeext && $as_echo "\"$ERL\" -run conftest start -run init stop -noshell" >> conftest$ac_exeext && chmod +x conftest$ac_exeext
configure:2490: $? = 0
configure:2490: ./conftest
configure:2490: $? = 0
configure:2513: result: /usr/local/lib/erlang/lib/xmerl-1.3.7
configure:2515: checking for Erlang/OTP 'xmerl' library version
configure:2526: result: 1.3.7
configure:2536: checking for Erlang/OTP 'ssl' library subdirectory
configure:2567: $ERLC $ERLCFLAGS -b beam conftest.$ac_ext >&5 && echo "#!/bin/sh" > conftest$ac_exeext && $as_echo "\"$ERL\" -run conftest start -run init stop -noshell" >> conftest$ac_exeext && chmod +x conftest$ac_exeext
configure:2567: $? = 0
configure:2567: ./conftest
configure:2567: $? = 0
configure:2590: result: /usr/local/lib/erlang/lib/ssl-6.0
configure:2592: checking for Erlang/OTP 'ssl' library version
configure:2603: result: 6.0
configure:2613: checking for Erlang/OTP 'crypto' library subdirectory
configure:2644: $ERLC $ERLCFLAGS -b beam conftest.$ac_ext >&5 && echo "#!/bin/sh" > conftest$ac_exeext && $as_echo "\"$ERL\" -run conftest start -run init stop -noshell" >> conftest$ac_exeext && chmod +x conftest$ac_exeext
configure:2644: $? = 0
configure:2644: ./conftest
configure:2644: $? = 0
configure:2667: result: /usr/local/lib/erlang/lib/crypto-3.5
configure:2669: checking for Erlang/OTP 'crypto' library version
configure:2680: result: 3.5
configure:2690: checking for Erlang/OTP 'public_key' library subdirectory
configure:2721: $ERLC $ERLCFLAGS -b beam conftest.$ac_ext >&5 && echo "#!/bin/sh" > conftest$ac_exeext && $as_echo "\"$ERL\" -run conftest start -run init stop -noshell" >> conftest$ac_exeext && chmod +x conftest$ac_exeext
configure:2721: $? = 0
configure:2721: ./conftest
configure:2721: $? = 0
configure:2744: result: /usr/local/lib/erlang/lib/public_key-0.23
configure:2746: checking for Erlang/OTP 'public_key' library version
configure:2757: result: 0.23
configure:2768: checking if Erlang/OTP SSL application is running fine
configure:2793: $ERLC $ERLCFLAGS -b beam conftest.$ac_ext >&5 && echo "#!/bin/sh" > conftest$ac_exeext && $as_echo "\"$ERL\" -run conftest start -run init stop -noshell" >> conftest$ac_exeext && chmod +x conftest$ac_exeext
conftest.erl:7: Warning: variable 'Err' is unused
configure:2793: $? = 0
configure:2793: ./conftest
configure:2793: $? = 1
configure: program exited with status 1
configure: failed program was:
| -module(conftest).
| -export([start/0]).
| 
| start() ->
|          case application:start(ssl) of
|            ok  -> ok;
|            Err -> halt(1)
|          end,
|          halt(0)
| .
| 
configure:2820: $ERLC $ERLCFLAGS -b beam conftest.$ac_ext >&5 && echo "#!/bin/sh" > conftest$ac_exeext && $as_echo "\"$ERL\" -run conftest start -run init stop -noshell" >> conftest$ac_exeext && chmod +x conftest$ac_exeext
conftest.erl:10: Warning: variable 'Err' is unused
configure:2820: $? = 0
configure:2820: ./conftest
configure:2820: $? = 0
configure:2840: result: yes
configure:2845: checking if Erlang/OTP crypto application is running fine
configure:2877: $ERLC $ERLCFLAGS -b beam conftest.$ac_ext >&5 && echo "#!/bin/sh" > conftest$ac_exeext && $as_echo "\"$ERL\" -run conftest start -run init stop -noshell" >> conftest$ac_exeext && chmod +x conftest$ac_exeext
conftest.erl:7: Warning: crypto:md5/1 is deprecated and will be removed in in a future release; use crypto:hash/2
configure:2877: $? = 0
configure:2877: ./conftest
configure:2877: $? = 0
configure:2889: result: yes
configure:2892: checking if orelse is allowed in guards
configure:2917: $ERLC $ERLCFLAGS -b beam conftest.$ac_ext >&5 && echo "#!/bin/sh" > conftest$ac_exeext && $as_echo "\"$ERL\" -run conftest start -run init stop -noshell" >> conftest$ac_exeext && chmod +x conftest$ac_exeext
conftest.erl:6: Warning: the guard for this clause evaluates to 'false'
configure:2917: $? = 0
configure:2917: ./conftest
configure:2917: $? = 0
configure:2929: result: yes
configure:2941: checking whether make sets $(MAKE)
configure:2963: result: yes
configure:3015: checking for a BSD-compatible install
configure:3083: result: /usr/bin/install -c
configure:3123: Storing library files in /usr/local/lib/erlang/erts-6.3/lib
configure:3153: Storing data files in /usr/local/lib/erlang/erts-6.3/share/tsung
configure:3309: creating ./config.status

## ---------------------- ##
## Running config.status. ##
## ---------------------- ##

This file was extended by tsung config.status 1.5.1, which was
generated by GNU Autoconf 2.69.  Invocation command line was

  CONFIG_FILES    = 
  CONFIG_HEADERS  = 
  CONFIG_LINKS    = 
  CONFIG_COMMANDS = 
  $ ./config.status 

on Marcoss-MacBook-Pro.local

config.status:751: creating Makefile
config.status:751: creating tsung.spec
config.status:751: creating tsung.sh
config.status:751: creating tsung-recorder.sh
config.status:737: error: cannot find input file: `examples/*.xml.in'

## ---------------- ##
## Cache variables. ##
## ---------------- ##

ac_cv_env_ERLCFLAGS_set=
ac_cv_env_ERLCFLAGS_value=
ac_cv_env_ERLC_set=
ac_cv_env_ERLC_value=
ac_cv_env_ERL_set=
ac_cv_env_ERL_value=
ac_cv_env_build_alias_set=
ac_cv_env_build_alias_value=
ac_cv_env_host_alias_set=
ac_cv_env_host_alias_value=
ac_cv_env_target_alias_set=
ac_cv_env_target_alias_value=
ac_cv_erlang_lib_dir_crypto=/usr/local/lib/erlang/lib/crypto-3.5
ac_cv_erlang_lib_dir_public_key=/usr/local/lib/erlang/lib/public_key-0.23
ac_cv_erlang_lib_dir_ssl=/usr/local/lib/erlang/lib/ssl-6.0
ac_cv_erlang_lib_dir_xmerl=/usr/local/lib/erlang/lib/xmerl-1.3.7
ac_cv_erlang_lib_ver_crypto=3.5
ac_cv_erlang_lib_ver_public_key=0.23
ac_cv_erlang_lib_ver_ssl=6.0
ac_cv_erlang_lib_ver_xmerl=1.3.7
ac_cv_erlang_root_dir=/usr/local/lib/erlang
ac_cv_path_DIALYZER=/usr/local/lib/erlang/erts-6.3/bin/dialyzer
ac_cv_path_SED=/usr/bin/sed
ac_cv_path_ac_prefix_program=/usr/local/lib/erlang/erts-6.3/bin/erl
ac_cv_path_ac_pt_ERL=/usr/local/lib/erlang/erts-6.3/bin/erl
ac_cv_path_ac_pt_ERLC=/usr/local/lib/erlang/erts-6.3/bin/erlc
ac_cv_path_install='/usr/bin/install -c'
ac_cv_prog_make_make_set=yes
erlang_cv_crypto_runnable=yes
erlang_cv_orelse=yes
erlang_cv_ssl_runnable=yes

## ----------------- ##
## Output variables. ##
## ----------------- ##

CONFIGURE_DEPENDENCIES='vsn.mk'
CONFIG_STATUS_DEPENDENCIES='vsn.mk'
DEFS='-DPACKAGE_NAME=\"tsung\" -DPACKAGE_TARNAME=\"tsung\" -DPACKAGE_VERSION=\"1.5.1\" -DPACKAGE_STRING=\"tsung\ 1.5.1\" -DPACKAGE_BUGREPORT=\"tsung-users@process-one.net\" -DPACKAGE_URL=\"\"'
DIALYZER='/usr/local/lib/erlang/erts-6.3/bin/dialyzer'
DTD='tsung-1.0.dtd'
ECHO_C='\c'
ECHO_N=''
ECHO_T=''
ERL='/usr/local/lib/erlang/erts-6.3/bin/erl'
ERLANG_APPLICATIONS='kernel,stdlib,asn1,crypto,public_key,ssl,crypto'
ERLANG_LIB_DIR_crypto='/usr/local/lib/erlang/lib/crypto-3.5'
ERLANG_LIB_DIR_public_key='/usr/local/lib/erlang/lib/public_key-0.23'
ERLANG_LIB_DIR_ssl='/usr/local/lib/erlang/lib/ssl-6.0'
ERLANG_LIB_DIR_xmerl='/usr/local/lib/erlang/lib/xmerl-1.3.7'
ERLANG_LIB_VER_crypto='3.5'
ERLANG_LIB_VER_public_key='0.23'
ERLANG_LIB_VER_ssl='6.0'
ERLANG_LIB_VER_xmerl='1.3.7'
ERLANG_ROOT_DIR='/usr/local/lib/erlang'
ERLC='/usr/local/lib/erlang/erts-6.3/bin/erlc'
ERLCFLAGS=''
ERL_OPTS=''
EXPANDED_LIBDIR='/usr/local/lib/erlang/erts-6.3/lib'
EXPANDED_SHAREDIR='/usr/local/lib/erlang/erts-6.3/share/tsung'
INSTALL_DATA='${INSTALL} -m 644'
INSTALL_PROGRAM='${INSTALL}'
INSTALL_SCRIPT='${INSTALL}'
LIBOBJS=''
LIBS=''
LTLIBOBJS=''
PACKAGE_BUGREPORT='tsung-users@process-one.net'
PACKAGE_NAME='tsung'
PACKAGE_STRING='tsung 1.5.1'
PACKAGE_TARNAME='tsung'
PACKAGE_URL=''
PACKAGE_VERSION='1.5.1'
PATH_SEPARATOR=':'
SED='/usr/bin/sed'
SET_MAKE=''
SHELL='/bin/sh'
TEMPLATES_SUBDIR='tsung/templates'
ac_prefix_program='/usr/local/lib/erlang/erts-6.3/bin/erl'
bindir='${exec_prefix}/bin'
build_alias=''
datadir='${datarootdir}'
datarootdir='${prefix}/share'
docdir='${datarootdir}/doc/${PACKAGE_TARNAME}'
dvidir='${docdir}'
erlang_cv_orelse='yes'
exec_prefix='${prefix}'
host_alias=''
htmldir='${docdir}'
includedir='${prefix}/include'
infodir='${datarootdir}/info'
libdir='${exec_prefix}/lib'
libexecdir='${exec_prefix}/libexec'
localedir='${datarootdir}/locale'
localstatedir='${prefix}/var'
mandir='${datarootdir}/man'
oldincludedir='/usr/include'
pdfdir='${docdir}'
prefix='/usr/local/lib/erlang/erts-6.3'
program_transform_name='s,x,x,'
psdir='${docdir}'
sbindir='${exec_prefix}/sbin'
sharedstatedir='${prefix}/com'
sysconfdir='${prefix}/etc'
target_alias=''

## ----------- ##
## confdefs.h. ##
## ----------- ##

/* confdefs.h */
#define PACKAGE_NAME "tsung"
#define PACKAGE_TARNAME "tsung"
#define PACKAGE_VERSION "1.5.1"
#define PACKAGE_STRING "tsung 1.5.1"
#define PACKAGE_BUGREPORT "tsung-users@process-one.net"
#define PACKAGE_URL ""

configure: exit 1
